#-----------------------------------------------------------
# Vivado v2016.3 (64-bit)
# SW Build 1682563 on Mon Oct 10 19:07:27 MDT 2016
# IP Build 1681267 on Mon Oct 10 21:28:31 MDT 2016
# Start of session at: Tue Mar 29 18:23:02 2022
# Process ID: 27136
# Current directory: C:/DigitalPet
# Command line: vivado.exe -gui_launcher_event rodinguilauncherevent44700 C:\DigitalPet\DigitalPet.xpr
# Log file: C:/DigitalPet/vivado.log
# Journal file: C:/DigitalPet\vivado.jou
#-----------------------------------------------------------
start_gui
open_project C:/DigitalPet/DigitalPet.xpr
Scanning sources...
Finished scanning sources
WARNING: [filemgmt 56-3] IP Output Repository Path: Could not find the directory 'C:/DigitalPet/DigitalPet.cache/ip'.
INFO: [IP_Flow 19-234] Refreshing IP repositories
INFO: [IP_Flow 19-1704] No user IP repositories specified
INFO: [IP_Flow 19-2313] Loaded Vivado IP repository 'C:/Xilinx/Vivado/2016.3/data/ip'.
open_project: Time (s): cpu = 00:00:24 ; elapsed = 00:00:11 . Memory (MB): peak = 763.020 ; gain = 125.063
exit
INFO: [Common 17-206] Exiting Vivado at Tue Mar 29 21:56:50 2022...
