#-----------------------------------------------------------
# Vivado v2016.3 (64-bit)
# SW Build 1682563 on Mon Oct 10 19:07:27 MDT 2016
# IP Build 1681267 on Mon Oct 10 21:28:31 MDT 2016
# Start of session at: Mon Mar 14 22:32:25 2022
# Process ID: 27572
# Current directory: C:/FinalProject
# Command line: vivado.exe -gui_launcher_event rodinguilauncherevent9004 C:\FinalProject\FinalProject.xpr
# Log file: C:/FinalProject/vivado.log
# Journal file: C:/FinalProject\vivado.jou
#-----------------------------------------------------------
start_gui
open_project C:/FinalProject/FinalProject.xpr
Scanning sources...
Finished scanning sources
WARNING: [filemgmt 56-3] IP Output Repository Path: Could not find the directory 'C:/FinalProject/FinalProject.cache/ip'.
INFO: [IP_Flow 19-234] Refreshing IP repositories
INFO: [IP_Flow 19-1704] No user IP repositories specified
INFO: [IP_Flow 19-2313] Loaded Vivado IP repository 'C:/Xilinx/Vivado/2016.3/data/ip'.
open_project: Time (s): cpu = 00:00:08 ; elapsed = 00:00:05 . Memory (MB): peak = 791.645 ; gain = 112.641
update_compile_order -fileset sources_1
update_compile_order -fileset sim_1
reset_run synth_1
launch_runs impl_1 -to_step write_bitstream
[Mon Mar 14 23:17:14 2022] Launched synth_1...
Run output will be captured here: C:/FinalProject/FinalProject.runs/synth_1/runme.log
[Mon Mar 14 23:17:14 2022] Launched impl_1...
Run output will be captured here: C:/FinalProject/FinalProject.runs/impl_1/runme.log
reset_run synth_1
launch_runs impl_1 -to_step write_bitstream
[Mon Mar 14 23:27:14 2022] Launched synth_1...
Run output will be captured here: C:/FinalProject/FinalProject.runs/synth_1/runme.log
[Mon Mar 14 23:27:14 2022] Launched impl_1...
Run output will be captured here: C:/FinalProject/FinalProject.runs/impl_1/runme.log
close [ open C:/FinalProject/FinalProject.srcs/sources_1/new/ssd_controller.vhd w ]
add_files C:/FinalProject/FinalProject.srcs/sources_1/new/ssd_controller.vhd
close [ open C:/FinalProject/FinalProject.srcs/sources_1/new/spi_master.vhd w ]
add_files C:/FinalProject/FinalProject.srcs/sources_1/new/spi_master.vhd
reset_run synth_1
launch_runs impl_1 -to_step write_bitstream
[Tue Mar 15 12:19:27 2022] Launched synth_1...
Run output will be captured here: C:/FinalProject/FinalProject.runs/synth_1/runme.log
[Tue Mar 15 12:19:27 2022] Launched impl_1...
Run output will be captured here: C:/FinalProject/FinalProject.runs/impl_1/runme.log
reset_run synth_1
launch_runs impl_1 -to_step write_bitstream
[Tue Mar 15 12:21:34 2022] Launched synth_1...
Run output will be captured here: C:/FinalProject/FinalProject.runs/synth_1/runme.log
[Tue Mar 15 12:21:34 2022] Launched impl_1...
Run output will be captured here: C:/FinalProject/FinalProject.runs/impl_1/runme.log
exit
INFO: [Common 17-206] Exiting Vivado at Tue Mar 15 13:08:02 2022...
