#-----------------------------------------------------------
# Vivado v2016.3 (64-bit)
# SW Build 1682563 on Mon Oct 10 19:07:27 MDT 2016
# IP Build 1681267 on Mon Oct 10 21:28:31 MDT 2016
# Start of session at: Fri May 13 12:45:14 2022
# Process ID: 71184
# Current directory: C:/FinalProject
# Command line: vivado.exe -gui_launcher_event rodinguilauncherevent70948 C:\FinalProject\FinalProject.xpr
# Log file: C:/FinalProject/vivado.log
# Journal file: C:/FinalProject\vivado.jou
#-----------------------------------------------------------
start_gui
open_project C:/FinalProject/FinalProject.xpr
Scanning sources...
Finished scanning sources
WARNING: [filemgmt 56-3] IP Output Repository Path: Could not find the directory 'C:/FinalProject/FinalProject.cache/ip'.
INFO: [IP_Flow 19-234] Refreshing IP repositories
INFO: [IP_Flow 19-1704] No user IP repositories specified
INFO: [IP_Flow 19-2313] Loaded Vivado IP repository 'C:/Xilinx/Vivado/2016.3/data/ip'.
exit
INFO: [Common 17-206] Exiting Vivado at Fri May 13 13:04:02 2022...
