#-----------------------------------------------------------
# Vivado v2016.3 (64-bit)
# SW Build 1682563 on Mon Oct 10 19:07:27 MDT 2016
# IP Build 1681267 on Mon Oct 10 21:28:31 MDT 2016
# Start of session at: Wed Nov 23 14:04:21 2022
# Process ID: 287304
# Current directory: C:/FinalProject
# Command line: vivado.exe -gui_launcher_event rodinguilauncherevent284532 C:\FinalProject\FinalProject.xpr
# Log file: C:/FinalProject/vivado.log
# Journal file: C:/FinalProject\vivado.jou
#-----------------------------------------------------------
start_gui
open_project C:/FinalProject/FinalProject.xpr
Scanning sources...
Finished scanning sources
WARNING: [filemgmt 56-3] IP Output Repository Path: Could not find the directory 'C:/FinalProject/FinalProject.cache/ip'.
INFO: [IP_Flow 19-234] Refreshing IP repositories
INFO: [IP_Flow 19-1704] No user IP repositories specified
INFO: [IP_Flow 19-2313] Loaded Vivado IP repository 'C:/Xilinx/Vivado/2016.3/data/ip'.
open_project: Time (s): cpu = 00:00:29 ; elapsed = 00:00:15 . Memory (MB): peak = 761.141 ; gain = 125.789
exit
INFO: [Common 17-206] Exiting Vivado at Wed Nov 23 14:08:25 2022...
